<?xml version="1.0" encoding="UTF-8"?>
<!-- Generated by org.testng.reporters.JUnitXMLReporter -->
<testsuite ignored="1" hostname="Gauravs-MacBook-Pro.local" failures="0" tests="5" name="/Users/gauravpurwar/Documents/ListnrProject" time="19.041" errors="0" timestamp="2022-08-09T19:02:04 AEST">
  <testcase classname="Runner" name="createRecords" time="0.097"/>
  <testcase classname="Runner" name="createRecords" time="0.008"/>
  <testcase classname="Runner" name="createRecords" time="0.014"/>
  <testcase classname="Runner" name="createRecords" time="0.006"/>
  <testcase classname="Runner" name="execute" time="18.759"/>
  <testcase classname="Runner" name="createDataBase" time="0.0">
    <ignored/>
  </testcase> <!-- createDataBase -->
</testsuite> <!-- /Users/gauravpurwar/Documents/ListnrProject -->
