<?xml version="1.0" encoding="UTF-8"?>
<!-- Generated by org.testng.reporters.JUnitXMLReporter -->
<testsuite ignored="1" hostname="Gauravs-MacBook-Pro.local" failures="0" tests="5" name="DomainIntegrationAssignment" time="0.548" errors="0" timestamp="2022-08-09T19:25:39 AEST">
  <testcase classname="Runner" name="createRecords" time="0.21"/>
  <testcase classname="Runner" name="createRecords" time="0.006"/>
  <testcase classname="Runner" name="createRecords" time="0.004"/>
  <testcase classname="Runner" name="createRecords" time="0.005"/>
  <testcase classname="Runner" name="execute" time="0.158"/>
  <testcase classname="Runner" name="createDataBase" time="0.0">
    <ignored/>
  </testcase> <!-- createDataBase -->
</testsuite> <!-- DomainIntegrationAssignment -->
