<?xml version="1.0" encoding="UTF-8"?>
<testng-results ignored="1" total="6" passed="5" failed="0" skipped="0">
  <reporter-output>
    <line>
      <![CDATA[Email sent successfully for the user email Address Peter@gmail.com]]>
    </line>
    <line>
      <![CDATA[User with Peter@gmail.com processed on 2022-08-09 19:25:38.958: Logged through Email]]>
    </line>
    <line>
      <![CDATA[Email sent successfully for the user email Address Sam@gmail.com]]>
    </line>
    <line>
      <![CDATA[User with Sam@gmail.com processed on 2022-08-09 19:25:38.971: Logged through Email]]>
    </line>
    <line>
      <![CDATA[Email sent successfully for the user email Address John@gmail.com]]>
    </line>
    <line>
      <![CDATA[User with John@gmail.com processed on 2022-08-09 19:25:38.981: Logged through Email]]>
    </line>
    <line>
      <![CDATA[JIRA Task created successfully for the user email Address Charles@gmail.com]]>
    </line>
    <line>
      <![CDATA[User with Charles@gmail.com processed on 2022-08-09 19:25:38.984: Logged through JIRA]]>
    </line>
  </reporter-output>
  <suite started-at="2022-08-09T19:25:38 AEST" name="All Test Suite" finished-at="2022-08-09T19:25:38 AEST" duration-ms="548">
    <groups>
    </groups>
    <test started-at="2022-08-09T19:25:38 AEST" name="DomainIntegrationAssignment" finished-at="2022-08-09T19:25:38 AEST" duration-ms="548">
      <class name="Runner">
        <test-method signature="createRecords(java.lang.String,java.lang.String,java.lang.String,java.lang.String,java.sql.Timestamp)[pri:0, instance:Runner@64e7619d]" started-at="2022-08-09T19:25:38 AEST" name="createRecords" data-provider="data-provider" finished-at="2022-08-09T19:25:38 AEST" duration-ms="210" status="PASS">
          <params>
            <param index="0">
              <value>
                <![CDATA[urgent]]>
              </value>
            </param>
            <param index="1">
              <value>
                <![CDATA[Want an apartment in Melbourne]]>
              </value>
            </param>
            <param index="2">
              <value>
                <![CDATA[John@gmail.com]]>
              </value>
            </param>
            <param index="3">
              <value>
                <![CDATA[2022-08-01]]>
              </value>
            </param>
            <param index="4">
              <value>
                <![CDATA[0001-01-01 00:00:00.0]]>
              </value>
            </param>
          </params>
          <reporter-output>
          </reporter-output>
        </test-method> <!-- createRecords -->
        <test-method signature="createRecords(java.lang.String,java.lang.String,java.lang.String,java.lang.String,java.sql.Timestamp)[pri:0, instance:Runner@64e7619d]" started-at="2022-08-09T19:25:38 AEST" name="createRecords" data-provider="data-provider" finished-at="2022-08-09T19:25:38 AEST" duration-ms="6" status="PASS">
          <params>
            <param index="0">
              <value>
                <![CDATA[Urgent]]>
              </value>
            </param>
            <param index="1">
              <value>
                <![CDATA[Looking for a house in Australia]]>
              </value>
            </param>
            <param index="2">
              <value>
                <![CDATA[Charles@gmail.com]]>
              </value>
            </param>
            <param index="3">
              <value>
                <![CDATA[2022-08-08]]>
              </value>
            </param>
            <param index="4">
              <value>
                <![CDATA[0001-01-01 00:00:00.0]]>
              </value>
            </param>
          </params>
          <reporter-output>
          </reporter-output>
        </test-method> <!-- createRecords -->
        <test-method signature="createRecords(java.lang.String,java.lang.String,java.lang.String,java.lang.String,java.sql.Timestamp)[pri:0, instance:Runner@64e7619d]" started-at="2022-08-09T19:25:38 AEST" name="createRecords" data-provider="data-provider" finished-at="2022-08-09T19:25:38 AEST" duration-ms="4" status="PASS">
          <params>
            <param index="0">
              <value>
                <![CDATA[General]]>
              </value>
            </param>
            <param index="1">
              <value>
                <![CDATA[Looking for a rent house in Sydney]]>
              </value>
            </param>
            <param index="2">
              <value>
                <![CDATA[Peter@gmail.com]]>
              </value>
            </param>
            <param index="3">
              <value>
                <![CDATA[2022-08-07]]>
              </value>
            </param>
            <param index="4">
              <value>
                <![CDATA[0001-01-01 00:00:00.0]]>
              </value>
            </param>
          </params>
          <reporter-output>
          </reporter-output>
        </test-method> <!-- createRecords -->
        <test-method signature="createRecords(java.lang.String,java.lang.String,java.lang.String,java.lang.String,java.sql.Timestamp)[pri:0, instance:Runner@64e7619d]" started-at="2022-08-09T19:25:38 AEST" name="createRecords" data-provider="data-provider" finished-at="2022-08-09T19:25:38 AEST" duration-ms="5" status="PASS">
          <params>
            <param index="0">
              <value>
                <![CDATA[High]]>
              </value>
            </param>
            <param index="1">
              <value>
                <![CDATA[Want to sell house]]>
              </value>
            </param>
            <param index="2">
              <value>
                <![CDATA[Sam@gmail.com]]>
              </value>
            </param>
            <param index="3">
              <value>
                <![CDATA[2022-08-07]]>
              </value>
            </param>
            <param index="4">
              <value>
                <![CDATA[0001-01-01 00:00:00.0]]>
              </value>
            </param>
          </params>
          <reporter-output>
          </reporter-output>
        </test-method> <!-- createRecords -->
        <test-method signature="execute()[pri:0, instance:Runner@64e7619d]" started-at="2022-08-09T19:25:38 AEST" name="execute" finished-at="2022-08-09T19:25:38 AEST" duration-ms="158" status="PASS">
          <reporter-output>
            <line>
              <![CDATA[Email sent successfully for the user email Address Peter@gmail.com]]>
            </line>
            <line>
              <![CDATA[User with Peter@gmail.com processed on 2022-08-09 19:25:38.958: Logged through Email]]>
            </line>
            <line>
              <![CDATA[Email sent successfully for the user email Address Sam@gmail.com]]>
            </line>
            <line>
              <![CDATA[User with Sam@gmail.com processed on 2022-08-09 19:25:38.971: Logged through Email]]>
            </line>
            <line>
              <![CDATA[Email sent successfully for the user email Address John@gmail.com]]>
            </line>
            <line>
              <![CDATA[User with John@gmail.com processed on 2022-08-09 19:25:38.981: Logged through Email]]>
            </line>
            <line>
              <![CDATA[JIRA Task created successfully for the user email Address Charles@gmail.com]]>
            </line>
            <line>
              <![CDATA[User with Charles@gmail.com processed on 2022-08-09 19:25:38.984: Logged through JIRA]]>
            </line>
          </reporter-output>
        </test-method> <!-- execute -->
      </class> <!-- Runner -->
    </test> <!-- DomainIntegrationAssignment -->
  </suite> <!-- All Test Suite -->
</testng-results>
