<?xml version="1.0" encoding="UTF-8"?>
<testng-results ignored="1" total="6" passed="5" failed="0" skipped="0">
  <reporter-output>
    <line>
      <![CDATA[type: ]]>
    </line>
    <line>
      <![CDATA[ message: ]]>
    </line>
    <line>
      <![CDATA[, emailaddress: ]]>
    </line>
    <line>
      <![CDATA[, createddate: ]]>
    </line>
    <line>
      <![CDATA[, processeddate: 2014-07-02 06:14:00.742]]>
    </line>
    <line>
      <![CDATA[type: ]]>
    </line>
    <line>
      <![CDATA[ message: ]]>
    </line>
    <line>
      <![CDATA[, emailaddress: ]]>
    </line>
    <line>
      <![CDATA[, createddate: ]]>
    </line>
    <line>
      <![CDATA[, processeddate: 2014-07-02 06:14:00.742]]>
    </line>
    <line>
      <![CDATA[type: normal]]>
    </line>
    <line>
      <![CDATA[ message: need a flat]]>
    </line>
    <line>
      <![CDATA[, emailaddress: abcd@mail.com]]>
    </line>
    <line>
      <![CDATA[, createddate: 2022-10-10]]>
    </line>
    <line>
      <![CDATA[, processeddate: 2022-08-20 00:00:00.0]]>
    </line>
    <line>
      <![CDATA[type: normal]]>
    </line>
    <line>
      <![CDATA[ message: need a flat]]>
    </line>
    <line>
      <![CDATA[, emailaddress: abcd@mail.com]]>
    </line>
    <line>
      <![CDATA[, createddate: 2022-10-10]]>
    </line>
    <line>
      <![CDATA[, processeddate: 2022-08-20 00:00:00.0]]>
    </line>
    <line>
      <![CDATA[type: normal]]>
    </line>
    <line>
      <![CDATA[ message: need a flat]]>
    </line>
    <line>
      <![CDATA[, emailaddress: abcd@mail.com]]>
    </line>
    <line>
      <![CDATA[, createddate: 2022-10-10]]>
    </line>
    <line>
      <![CDATA[, processeddate: 2022-08-20 00:00:00.0]]>
    </line>
    <line>
      <![CDATA[type: normal]]>
    </line>
    <line>
      <![CDATA[ message: need a flat]]>
    </line>
    <line>
      <![CDATA[, emailaddress: abcd@mail.com]]>
    </line>
    <line>
      <![CDATA[, createddate: 2022-10-10]]>
    </line>
    <line>
      <![CDATA[, processeddate: 2022-08-20 00:00:00.0]]>
    </line>
    <line>
      <![CDATA[type: normal]]>
    </line>
    <line>
      <![CDATA[ message: need a flat]]>
    </line>
    <line>
      <![CDATA[, emailaddress: abcd@mail.com]]>
    </line>
    <line>
      <![CDATA[, createddate: 2022-10-10]]>
    </line>
    <line>
      <![CDATA[, processeddate: 2022-08-20 00:00:00.0]]>
    </line>
    <line>
      <![CDATA[type: normal]]>
    </line>
    <line>
      <![CDATA[ message: need a flat]]>
    </line>
    <line>
      <![CDATA[, emailaddress: abcd@mail.com]]>
    </line>
    <line>
      <![CDATA[, createddate: 2022-10-10]]>
    </line>
    <line>
      <![CDATA[, processeddate: 2022-08-20 00:00:00.0]]>
    </line>
    <line>
      <![CDATA[type: normal]]>
    </line>
    <line>
      <![CDATA[ message: need a flat]]>
    </line>
    <line>
      <![CDATA[, emailaddress: abcd@mail.com]]>
    </line>
    <line>
      <![CDATA[, createddate: 2022-10-10]]>
    </line>
    <line>
      <![CDATA[, processeddate: 2022-08-20 00:00:00.0]]>
    </line>
    <line>
      <![CDATA[type: urgent]]>
    </line>
    <line>
      <![CDATA[ message: Want an apartment in Melbourne]]>
    </line>
    <line>
      <![CDATA[, emailaddress: John@mail.com]]>
    </line>
    <line>
      <![CDATA[, createddate: 2022-08-01]]>
    </line>
    <line>
      <![CDATA[, processeddate: 2022-08-09 04:25:04.37]]>
    </line>
    <line>
      <![CDATA[type: Urgent]]>
    </line>
    <line>
      <![CDATA[ message: Looking for a house in Australia]]>
    </line>
    <line>
      <![CDATA[, emailaddress: Charles@mail.com]]>
    </line>
    <line>
      <![CDATA[, createddate: 2022-08-09]]>
    </line>
    <line>
      <![CDATA[, processeddate: 2022-08-09 04:25:04.394]]>
    </line>
    <line>
      <![CDATA[type: General]]>
    </line>
    <line>
      <![CDATA[ message: Looking for a rent house in Sydney]]>
    </line>
    <line>
      <![CDATA[, emailaddress: Peter@mail.com]]>
    </line>
    <line>
      <![CDATA[, createddate: 2022-08-07]]>
    </line>
    <line>
      <![CDATA[, processeddate: 2022-08-09 04:25:04.396]]>
    </line>
    <line>
      <![CDATA[type: High]]>
    </line>
    <line>
      <![CDATA[ message: Want to sell house]]>
    </line>
    <line>
      <![CDATA[, emailaddress: Sam@mail.com]]>
    </line>
    <line>
      <![CDATA[, createddate: 2022-08-07]]>
    </line>
    <line>
      <![CDATA[, processeddate: 2022-08-09 04:25:04.398]]>
    </line>
    <line>
      <![CDATA[type: Urgent]]>
    </line>
    <line>
      <![CDATA[ message: Looking for a house in Australia]]>
    </line>
    <line>
      <![CDATA[, emailaddress: Charles@gmail.com]]>
    </line>
    <line>
      <![CDATA[, createddate: 2022-08-08]]>
    </line>
    <line>
      <![CDATA[, processeddate: 2022-08-09 18:59:06.701]]>
    </line>
    <line>
      <![CDATA[type: Urgent]]>
    </line>
    <line>
      <![CDATA[ message: Looking for a house in Australia]]>
    </line>
    <line>
      <![CDATA[, emailaddress: Charles@gmail.com]]>
    </line>
    <line>
      <![CDATA[, createddate: 2022-08-08]]>
    </line>
    <line>
      <![CDATA[, processeddate: 2022-08-09 18:59:06.701]]>
    </line>
    <line>
      <![CDATA[type: Urgent]]>
    </line>
    <line>
      <![CDATA[ message: Looking for a house in Australia]]>
    </line>
    <line>
      <![CDATA[, emailaddress: Charles@gmail.com]]>
    </line>
    <line>
      <![CDATA[, createddate: 2022-08-08]]>
    </line>
    <line>
      <![CDATA[, processeddate: 2022-08-09 18:59:06.701]]>
    </line>
    <line>
      <![CDATA[type: Urgent]]>
    </line>
    <line>
      <![CDATA[ message: Looking for a house in Australia]]>
    </line>
    <line>
      <![CDATA[, emailaddress: Charles@gmail.com]]>
    </line>
    <line>
      <![CDATA[, createddate: 2022-08-08]]>
    </line>
    <line>
      <![CDATA[, processeddate: 2022-08-09 18:59:06.701]]>
    </line>
    <line>
      <![CDATA[type: Urgent]]>
    </line>
    <line>
      <![CDATA[ message: Looking for a house in Australia]]>
    </line>
    <line>
      <![CDATA[, emailaddress: Charles@gmail.com]]>
    </line>
    <line>
      <![CDATA[, createddate: 2022-08-08]]>
    </line>
    <line>
      <![CDATA[, processeddate: 2022-08-09 18:59:06.701]]>
    </line>
    <line>
      <![CDATA[type: Urgent]]>
    </line>
    <line>
      <![CDATA[ message: Looking for a house in Australia]]>
    </line>
    <line>
      <![CDATA[, emailaddress: Charles@gmail.com]]>
    </line>
    <line>
      <![CDATA[, createddate: 2022-08-08]]>
    </line>
    <line>
      <![CDATA[, processeddate: 2022-08-09 18:59:06.701]]>
    </line>
    <line>
      <![CDATA[type: Urgent]]>
    </line>
    <line>
      <![CDATA[ message: Looking for a house in Australia]]>
    </line>
    <line>
      <![CDATA[, emailaddress: Charles@gmail.com]]>
    </line>
    <line>
      <![CDATA[, createddate: 2022-08-08]]>
    </line>
    <line>
      <![CDATA[, processeddate: 2022-08-09 18:59:06.701]]>
    </line>
    <line>
      <![CDATA[type: OK]]>
    </line>
    <line>
      <![CDATA[ message: need a flat in sydney]]>
    </line>
    <line>
      <![CDATA[, emailaddress: abcd324@mail.com]]>
    </line>
    <line>
      <![CDATA[, createddate: 2021-10-10]]>
    </line>
    <line>
      <![CDATA[, processeddate: 2022-08-09 04:18:40.596]]>
    </line>
    <line>
      <![CDATA[type: OK]]>
    </line>
    <line>
      <![CDATA[ message: need a flat in America]]>
    </line>
    <line>
      <![CDATA[, emailaddress: abcd324@mail.com]]>
    </line>
    <line>
      <![CDATA[, createddate: 2021-10-10]]>
    </line>
    <line>
      <![CDATA[, processeddate: 2022-08-09 04:18:40.596]]>
    </line>
    <line>
      <![CDATA[type: OK]]>
    </line>
    <line>
      <![CDATA[ message: need a flat in America]]>
    </line>
    <line>
      <![CDATA[, emailaddress: abcd324@mail.com]]>
    </line>
    <line>
      <![CDATA[, createddate: 2021-10-10]]>
    </line>
    <line>
      <![CDATA[, processeddate: 2022-08-09 04:18:40.596]]>
    </line>
    <line>
      <![CDATA[type: OK]]>
    </line>
    <line>
      <![CDATA[ message: need a flat in America]]>
    </line>
    <line>
      <![CDATA[, emailaddress: abcd324@mail.com]]>
    </line>
    <line>
      <![CDATA[, createddate: 2022-08-05]]>
    </line>
    <line>
      <![CDATA[, processeddate: 2022-08-09 04:18:40.596]]>
    </line>
    <line>
      <![CDATA[type: urgent]]>
    </line>
    <line>
      <![CDATA[ message: need a flat in America]]>
    </line>
    <line>
      <![CDATA[, emailaddress: abcd324@mail.com]]>
    </line>
    <line>
      <![CDATA[, createddate: 2022-08-06]]>
    </line>
    <line>
      <![CDATA[, processeddate: 2022-08-09 04:18:40.596]]>
    </line>
    <line>
      <![CDATA[type: urgent]]>
    </line>
    <line>
      <![CDATA[ message: need a flat in America]]>
    </line>
    <line>
      <![CDATA[, emailaddress: abcd324@mail.com]]>
    </line>
    <line>
      <![CDATA[, createddate: 2022-08-06]]>
    </line>
    <line>
      <![CDATA[, processeddate: 2022-08-09 04:18:40.596]]>
    </line>
    <line>
      <![CDATA[type: urgent]]>
    </line>
    <line>
      <![CDATA[ message: need a flat in America]]>
    </line>
    <line>
      <![CDATA[, emailaddress: abcd324@mail.com]]>
    </line>
    <line>
      <![CDATA[, createddate: 2022-08-06]]>
    </line>
    <line>
      <![CDATA[, processeddate: 2022-08-09 04:18:40.596]]>
    </line>
    <line>
      <![CDATA[type: urgent]]>
    </line>
    <line>
      <![CDATA[ message: need a flat in America]]>
    </line>
    <line>
      <![CDATA[, emailaddress: abcd324@mail.com]]>
    </line>
    <line>
      <![CDATA[, createddate: 2022-08-06]]>
    </line>
    <line>
      <![CDATA[, processeddate: 2022-08-09 04:18:40.596]]>
    </line>
    <line>
      <![CDATA[type: urgent]]>
    </line>
    <line>
      <![CDATA[ message: need a flat in America]]>
    </line>
    <line>
      <![CDATA[, emailaddress: abcd324@mail.com]]>
    </line>
    <line>
      <![CDATA[, createddate: 2022-08-06]]>
    </line>
    <line>
      <![CDATA[, processeddate: 2022-08-09 04:18:40.596]]>
    </line>
    <line>
      <![CDATA[type: urgent]]>
    </line>
    <line>
      <![CDATA[ message: need a flat in America]]>
    </line>
    <line>
      <![CDATA[, emailaddress: abcd324@mail.com]]>
    </line>
    <line>
      <![CDATA[, createddate: 2022-08-06]]>
    </line>
    <line>
      <![CDATA[, processeddate: 2022-08-09 04:18:40.596]]>
    </line>
    <line>
      <![CDATA[type: General]]>
    </line>
    <line>
      <![CDATA[ message: Looking for a rent house in Sydney]]>
    </line>
    <line>
      <![CDATA[, emailaddress: Peter@gmail.com]]>
    </line>
    <line>
      <![CDATA[, createddate: 2022-08-07]]>
    </line>
    <line>
      <![CDATA[, processeddate: 2022-08-09 18:59:09.555]]>
    </line>
    <line>
      <![CDATA[type: General]]>
    </line>
    <line>
      <![CDATA[ message: Looking for a rent house in Sydney]]>
    </line>
    <line>
      <![CDATA[, emailaddress: Peter@gmail.com]]>
    </line>
    <line>
      <![CDATA[, createddate: 2022-08-07]]>
    </line>
    <line>
      <![CDATA[, processeddate: 2022-08-09 18:59:09.555]]>
    </line>
    <line>
      <![CDATA[type: General]]>
    </line>
    <line>
      <![CDATA[ message: Looking for a rent house in Sydney]]>
    </line>
    <line>
      <![CDATA[, emailaddress: Peter@gmail.com]]>
    </line>
    <line>
      <![CDATA[, createddate: 2022-08-07]]>
    </line>
    <line>
      <![CDATA[, processeddate: 2022-08-09 18:59:09.555]]>
    </line>
    <line>
      <![CDATA[type: General]]>
    </line>
    <line>
      <![CDATA[ message: Looking for a rent house in Sydney]]>
    </line>
    <line>
      <![CDATA[, emailaddress: Peter@gmail.com]]>
    </line>
    <line>
      <![CDATA[, createddate: 2022-08-07]]>
    </line>
    <line>
      <![CDATA[, processeddate: 2022-08-09 18:59:09.555]]>
    </line>
    <line>
      <![CDATA[type: urgent]]>
    </line>
    <line>
      <![CDATA[ message: need a flat in America]]>
    </line>
    <line>
      <![CDATA[, emailaddress: abcd324@mail.com]]>
    </line>
    <line>
      <![CDATA[, createddate: 2022-08-06]]>
    </line>
    <line>
      <![CDATA[, processeddate: 2022-08-09 04:18:40.596]]>
    </line>
    <line>
      <![CDATA[type: urgent]]>
    </line>
    <line>
      <![CDATA[ message: need a flat in America]]>
    </line>
    <line>
      <![CDATA[, emailaddress: abcd324@mail.com]]>
    </line>
    <line>
      <![CDATA[, createddate: 2022-08-06]]>
    </line>
    <line>
      <![CDATA[, processeddate: 2022-08-09 04:18:40.596]]>
    </line>
    <line>
      <![CDATA[type: urgent]]>
    </line>
    <line>
      <![CDATA[ message: need a flat in America]]>
    </line>
    <line>
      <![CDATA[, emailaddress: abcd324@mail.com]]>
    </line>
    <line>
      <![CDATA[, createddate: 2022-08-07]]>
    </line>
    <line>
      <![CDATA[, processeddate: 2022-08-09 04:18:40.596]]>
    </line>
    <line>
      <![CDATA[type: urgent]]>
    </line>
    <line>
      <![CDATA[ message: need a flat in America]]>
    </line>
    <line>
      <![CDATA[, emailaddress: abcd324@mail.com]]>
    </line>
    <line>
      <![CDATA[, createddate: 2022-08-07]]>
    </line>
    <line>
      <![CDATA[, processeddate: 2022-08-09 04:18:40.596]]>
    </line>
    <line>
      <![CDATA[type: urgent]]>
    </line>
    <line>
      <![CDATA[ message: need a flat in America]]>
    </line>
    <line>
      <![CDATA[, emailaddress: abcd324@mail.com]]>
    </line>
    <line>
      <![CDATA[, createddate: 2022-08-08]]>
    </line>
    <line>
      <![CDATA[, processeddate: 2022-08-09 04:18:40.596]]>
    </line>
    <line>
      <![CDATA[type: Urgent]]>
    </line>
    <line>
      <![CDATA[ message: need a flat in America]]>
    </line>
    <line>
      <![CDATA[, emailaddress: abcd324@mail.com]]>
    </line>
    <line>
      <![CDATA[, createddate: 2022-08-09]]>
    </line>
    <line>
      <![CDATA[, processeddate: 2022-08-09 04:18:40.596]]>
    </line>
    <line>
      <![CDATA[type: General]]>
    </line>
    <line>
      <![CDATA[ message: Looking for a rent house in Sydney]]>
    </line>
    <line>
      <![CDATA[, emailaddress: Peter@gmail.com]]>
    </line>
    <line>
      <![CDATA[, createddate: 2022-08-07]]>
    </line>
    <line>
      <![CDATA[, processeddate: 2022-08-09 18:59:09.555]]>
    </line>
    <line>
      <![CDATA[type: General]]>
    </line>
    <line>
      <![CDATA[ message: Looking for a rent house in Sydney]]>
    </line>
    <line>
      <![CDATA[, emailaddress: Peter@gmail.com]]>
    </line>
    <line>
      <![CDATA[, createddate: 2022-08-07]]>
    </line>
    <line>
      <![CDATA[, processeddate: 2022-08-09 18:59:09.555]]>
    </line>
    <line>
      <![CDATA[type: General]]>
    </line>
    <line>
      <![CDATA[ message: Looking for a rent house in Sydney]]>
    </line>
    <line>
      <![CDATA[, emailaddress: Peter@gmail.com]]>
    </line>
    <line>
      <![CDATA[, createddate: 2022-08-07]]>
    </line>
    <line>
      <![CDATA[, processeddate: 2022-08-09 18:59:09.555]]>
    </line>
    <line>
      <![CDATA[type: High]]>
    </line>
    <line>
      <![CDATA[ message: Want to sell house]]>
    </line>
    <line>
      <![CDATA[, emailaddress: Sam@gmail.com]]>
    </line>
    <line>
      <![CDATA[, createddate: 2022-08-07]]>
    </line>
    <line>
      <![CDATA[, processeddate: 2022-08-09 18:59:12.217]]>
    </line>
    <line>
      <![CDATA[type: High]]>
    </line>
    <line>
      <![CDATA[ message: Want to sell house]]>
    </line>
    <line>
      <![CDATA[, emailaddress: Sam@gmail.com]]>
    </line>
    <line>
      <![CDATA[, createddate: 2022-08-07]]>
    </line>
    <line>
      <![CDATA[, processeddate: 2022-08-09 18:59:12.217]]>
    </line>
    <line>
      <![CDATA[type: High]]>
    </line>
    <line>
      <![CDATA[ message: Want to sell house]]>
    </line>
    <line>
      <![CDATA[, emailaddress: Sam@gmail.com]]>
    </line>
    <line>
      <![CDATA[, createddate: 2022-08-07]]>
    </line>
    <line>
      <![CDATA[, processeddate: 2022-08-09 18:59:12.217]]>
    </line>
    <line>
      <![CDATA[type: High]]>
    </line>
    <line>
      <![CDATA[ message: Want to sell house]]>
    </line>
    <line>
      <![CDATA[, emailaddress: Sam@gmail.com]]>
    </line>
    <line>
      <![CDATA[, createddate: 2022-08-07]]>
    </line>
    <line>
      <![CDATA[, processeddate: 2022-08-09 18:59:12.217]]>
    </line>
    <line>
      <![CDATA[type: urgent]]>
    </line>
    <line>
      <![CDATA[ message: Want an apartment in Melbourne]]>
    </line>
    <line>
      <![CDATA[, emailaddress: John@gmail.com]]>
    </line>
    <line>
      <![CDATA[, createddate: 2022-08-01]]>
    </line>
    <line>
      <![CDATA[, processeddate: 2022-08-09 18:59:04.852]]>
    </line>
    <line>
      <![CDATA[type: urgent]]>
    </line>
    <line>
      <![CDATA[ message: Want an apartment in Melbourne]]>
    </line>
    <line>
      <![CDATA[, emailaddress: John@gmail.com]]>
    </line>
    <line>
      <![CDATA[, createddate: 2022-08-01]]>
    </line>
    <line>
      <![CDATA[, processeddate: 2022-08-09 18:59:04.852]]>
    </line>
    <line>
      <![CDATA[type: urgent]]>
    </line>
    <line>
      <![CDATA[ message: Want an apartment in Melbourne]]>
    </line>
    <line>
      <![CDATA[, emailaddress: John@gmail.com]]>
    </line>
    <line>
      <![CDATA[, createddate: 2022-08-01]]>
    </line>
    <line>
      <![CDATA[, processeddate: 2022-08-09 18:59:04.852]]>
    </line>
    <line>
      <![CDATA[type: urgent]]>
    </line>
    <line>
      <![CDATA[ message: Want an apartment in Melbourne]]>
    </line>
    <line>
      <![CDATA[, emailaddress: John@gmail.com]]>
    </line>
    <line>
      <![CDATA[, createddate: 2022-08-01]]>
    </line>
    <line>
      <![CDATA[, processeddate: 2022-08-09 18:59:04.852]]>
    </line>
    <line>
      <![CDATA[type: urgent]]>
    </line>
    <line>
      <![CDATA[ message: Want an apartment in Melbourne]]>
    </line>
    <line>
      <![CDATA[, emailaddress: John@gmail.com]]>
    </line>
    <line>
      <![CDATA[, createddate: 2022-08-01]]>
    </line>
    <line>
      <![CDATA[, processeddate: 2022-08-09 18:59:04.852]]>
    </line>
    <line>
      <![CDATA[type: urgent]]>
    </line>
    <line>
      <![CDATA[ message: Want an apartment in Melbourne]]>
    </line>
    <line>
      <![CDATA[, emailaddress: John@gmail.com]]>
    </line>
    <line>
      <![CDATA[, createddate: 2022-08-01]]>
    </line>
    <line>
      <![CDATA[, processeddate: 2022-08-09 18:59:04.852]]>
    </line>
    <line>
      <![CDATA[type: urgent]]>
    </line>
    <line>
      <![CDATA[ message: Want an apartment in Melbourne]]>
    </line>
    <line>
      <![CDATA[, emailaddress: John@gmail.com]]>
    </line>
    <line>
      <![CDATA[, createddate: 2022-08-01]]>
    </line>
    <line>
      <![CDATA[, processeddate: 2022-08-09 18:59:04.852]]>
    </line>
    <line>
      <![CDATA[type: High]]>
    </line>
    <line>
      <![CDATA[ message: Want to sell house]]>
    </line>
    <line>
      <![CDATA[, emailaddress: Sam@gmail.com]]>
    </line>
    <line>
      <![CDATA[, createddate: 2022-08-07]]>
    </line>
    <line>
      <![CDATA[, processeddate: 2022-08-09 18:59:12.217]]>
    </line>
    <line>
      <![CDATA[type: High]]>
    </line>
    <line>
      <![CDATA[ message: Want to sell house]]>
    </line>
    <line>
      <![CDATA[, emailaddress: Sam@gmail.com]]>
    </line>
    <line>
      <![CDATA[, createddate: 2022-08-07]]>
    </line>
    <line>
      <![CDATA[, processeddate: 2022-08-09 18:59:12.217]]>
    </line>
    <line>
      <![CDATA[type: High]]>
    </line>
    <line>
      <![CDATA[ message: Want to sell house]]>
    </line>
    <line>
      <![CDATA[, emailaddress: Sam@gmail.com]]>
    </line>
    <line>
      <![CDATA[, createddate: 2022-08-07]]>
    </line>
    <line>
      <![CDATA[, processeddate: 2022-08-09 18:59:12.217]]>
    </line>
    <line>
      <![CDATA[type: urgent]]>
    </line>
    <line>
      <![CDATA[ message: Want an apartment in Melbourne]]>
    </line>
    <line>
      <![CDATA[, emailaddress: John@gmail.com]]>
    </line>
    <line>
      <![CDATA[, createddate: 2022-08-01]]>
    </line>
    <line>
      <![CDATA[, processeddate: 0001-01-01 00:00:00.0]]>
    </line>
    <line>
      <![CDATA[Email sent successfully for the user email Address John@gmail.com]]>
    </line>
    <line>
      <![CDATA[User with John@gmail.com processed on 2022-08-09 19:01:48.853: Logged through Email]]>
    </line>
    <line>
      <![CDATA[type: Urgent]]>
    </line>
    <line>
      <![CDATA[ message: Looking for a house in Australia]]>
    </line>
    <line>
      <![CDATA[, emailaddress: Charles@gmail.com]]>
    </line>
    <line>
      <![CDATA[, createddate: 2022-08-08]]>
    </line>
    <line>
      <![CDATA[, processeddate: 0001-01-01 00:00:00.0]]>
    </line>
    <line>
      <![CDATA[JIRA Task created successfully for the user email Address Charles@gmail.com]]>
    </line>
    <line>
      <![CDATA[User with Charles@gmail.com processed on 2022-08-09 19:01:49.718: Logged through Email]]>
    </line>
    <line>
      <![CDATA[type: General]]>
    </line>
    <line>
      <![CDATA[ message: Looking for a rent house in Sydney]]>
    </line>
    <line>
      <![CDATA[, emailaddress: Peter@gmail.com]]>
    </line>
    <line>
      <![CDATA[, createddate: 2022-08-07]]>
    </line>
    <line>
      <![CDATA[, processeddate: 0001-01-01 00:00:00.0]]>
    </line>
    <line>
      <![CDATA[Email sent successfully for the user email Address Peter@gmail.com]]>
    </line>
    <line>
      <![CDATA[User with Peter@gmail.com processed on 2022-08-09 19:01:52.399: Logged through Email]]>
    </line>
    <line>
      <![CDATA[type: general]]>
    </line>
    <line>
      <![CDATA[ message: need a flat in America]]>
    </line>
    <line>
      <![CDATA[, emailaddress: abcd324@mail.com]]>
    </line>
    <line>
      <![CDATA[, createddate: 2022-08-07]]>
    </line>
    <line>
      <![CDATA[, processeddate: 2022-08-09 04:18:40.596]]>
    </line>
    <line>
      <![CDATA[type: high]]>
    </line>
    <line>
      <![CDATA[ message: need a flat in America]]>
    </line>
    <line>
      <![CDATA[, emailaddress: abcd324@mail.com]]>
    </line>
    <line>
      <![CDATA[, createddate: 2022-08-07]]>
    </line>
    <line>
      <![CDATA[, processeddate: 2022-08-09 04:18:40.596]]>
    </line>
    <line>
      <![CDATA[type: urgent]]>
    </line>
    <line>
      <![CDATA[ message: Want an apartment in Melbourne]]>
    </line>
    <line>
      <![CDATA[, emailaddress: John@gmail.com]]>
    </line>
    <line>
      <![CDATA[, createddate: 2022-08-01]]>
    </line>
    <line>
      <![CDATA[, processeddate: 2022-08-09 18:59:04.852]]>
    </line>
    <line>
      <![CDATA[type: urgent]]>
    </line>
    <line>
      <![CDATA[ message: Want an apartment in Melbourne]]>
    </line>
    <line>
      <![CDATA[, emailaddress: John@gmail.com]]>
    </line>
    <line>
      <![CDATA[, createddate: 2022-08-01]]>
    </line>
    <line>
      <![CDATA[, processeddate: 2022-08-09 18:59:04.852]]>
    </line>
    <line>
      <![CDATA[type: urgent]]>
    </line>
    <line>
      <![CDATA[ message: Want an apartment in Melbourne]]>
    </line>
    <line>
      <![CDATA[, emailaddress: John@gmail.com]]>
    </line>
    <line>
      <![CDATA[, createddate: 2022-08-01]]>
    </line>
    <line>
      <![CDATA[, processeddate: 2022-08-09 18:59:04.852]]>
    </line>
    <line>
      <![CDATA[type: urgent]]>
    </line>
    <line>
      <![CDATA[ message: Want an apartment in Melbourne]]>
    </line>
    <line>
      <![CDATA[, emailaddress: John@gmail.com]]>
    </line>
    <line>
      <![CDATA[, createddate: 2022-08-01]]>
    </line>
    <line>
      <![CDATA[, processeddate: 2022-08-09 18:59:04.852]]>
    </line>
    <line>
      <![CDATA[type: urgent]]>
    </line>
    <line>
      <![CDATA[ message: Want an apartment in Melbourne]]>
    </line>
    <line>
      <![CDATA[, emailaddress: John@gmail.com]]>
    </line>
    <line>
      <![CDATA[, createddate: 2022-08-01]]>
    </line>
    <line>
      <![CDATA[, processeddate: 2022-08-09 18:59:04.852]]>
    </line>
    <line>
      <![CDATA[type: urgent]]>
    </line>
    <line>
      <![CDATA[ message: Want an apartment in Melbourne]]>
    </line>
    <line>
      <![CDATA[, emailaddress: John@gmail.com]]>
    </line>
    <line>
      <![CDATA[, createddate: 2022-08-01]]>
    </line>
    <line>
      <![CDATA[, processeddate: 2022-08-09 18:59:04.852]]>
    </line>
    <line>
      <![CDATA[type: urgent]]>
    </line>
    <line>
      <![CDATA[ message: Want an apartment in Melbourne]]>
    </line>
    <line>
      <![CDATA[, emailaddress: John@gmail.com]]>
    </line>
    <line>
      <![CDATA[, createddate: 2022-08-01]]>
    </line>
    <line>
      <![CDATA[, processeddate: 2022-08-09 18:59:04.852]]>
    </line>
    <line>
      <![CDATA[type: Urgent]]>
    </line>
    <line>
      <![CDATA[ message: Looking for a house in Australia]]>
    </line>
    <line>
      <![CDATA[, emailaddress: Charles@gmail.com]]>
    </line>
    <line>
      <![CDATA[, createddate: 2022-08-09]]>
    </line>
    <line>
      <![CDATA[, processeddate: 2022-08-09 18:59:06.701]]>
    </line>
    <line>
      <![CDATA[type: Urgent]]>
    </line>
    <line>
      <![CDATA[ message: Looking for a house in Australia]]>
    </line>
    <line>
      <![CDATA[, emailaddress: Charles@gmail.com]]>
    </line>
    <line>
      <![CDATA[, createddate: 2022-08-08]]>
    </line>
    <line>
      <![CDATA[, processeddate: 2022-08-09 18:59:06.701]]>
    </line>
    <line>
      <![CDATA[type: Urgent]]>
    </line>
    <line>
      <![CDATA[ message: Looking for a house in Australia]]>
    </line>
    <line>
      <![CDATA[, emailaddress: Charles@gmail.com]]>
    </line>
    <line>
      <![CDATA[, createddate: 2022-08-08]]>
    </line>
    <line>
      <![CDATA[, processeddate: 2022-08-09 18:59:06.701]]>
    </line>
    <line>
      <![CDATA[type: Urgent]]>
    </line>
    <line>
      <![CDATA[ message: Looking for a house in Australia]]>
    </line>
    <line>
      <![CDATA[, emailaddress: Charles@gmail.com]]>
    </line>
    <line>
      <![CDATA[, createddate: 2022-08-08]]>
    </line>
    <line>
      <![CDATA[, processeddate: 2022-08-09 18:59:06.701]]>
    </line>
    <line>
      <![CDATA[type: Urgent]]>
    </line>
    <line>
      <![CDATA[ message: Looking for a house in Australia]]>
    </line>
    <line>
      <![CDATA[, emailaddress: Charles@gmail.com]]>
    </line>
    <line>
      <![CDATA[, createddate: 2022-08-08]]>
    </line>
    <line>
      <![CDATA[, processeddate: 2022-08-09 18:59:06.701]]>
    </line>
    <line>
      <![CDATA[type: Urgent]]>
    </line>
    <line>
      <![CDATA[ message: Looking for a house in Australia]]>
    </line>
    <line>
      <![CDATA[, emailaddress: Charles@gmail.com]]>
    </line>
    <line>
      <![CDATA[, createddate: 2022-08-08]]>
    </line>
    <line>
      <![CDATA[, processeddate: 2022-08-09 18:59:06.701]]>
    </line>
    <line>
      <![CDATA[type: Urgent]]>
    </line>
    <line>
      <![CDATA[ message: Looking for a house in Australia]]>
    </line>
    <line>
      <![CDATA[, emailaddress: Charles@gmail.com]]>
    </line>
    <line>
      <![CDATA[, createddate: 2022-08-08]]>
    </line>
    <line>
      <![CDATA[, processeddate: 2022-08-09 18:59:06.701]]>
    </line>
    <line>
      <![CDATA[type: General]]>
    </line>
    <line>
      <![CDATA[ message: Looking for a rent house in Sydney]]>
    </line>
    <line>
      <![CDATA[, emailaddress: Peter@gmail.com]]>
    </line>
    <line>
      <![CDATA[, createddate: 2022-08-07]]>
    </line>
    <line>
      <![CDATA[, processeddate: 2022-08-09 18:59:09.555]]>
    </line>
    <line>
      <![CDATA[type: General]]>
    </line>
    <line>
      <![CDATA[ message: Looking for a rent house in Sydney]]>
    </line>
    <line>
      <![CDATA[, emailaddress: Peter@gmail.com]]>
    </line>
    <line>
      <![CDATA[, createddate: 2022-08-07]]>
    </line>
    <line>
      <![CDATA[, processeddate: 2022-08-09 18:59:09.555]]>
    </line>
    <line>
      <![CDATA[type: General]]>
    </line>
    <line>
      <![CDATA[ message: Looking for a rent house in Sydney]]>
    </line>
    <line>
      <![CDATA[, emailaddress: Peter@gmail.com]]>
    </line>
    <line>
      <![CDATA[, createddate: 2022-08-07]]>
    </line>
    <line>
      <![CDATA[, processeddate: 2022-08-09 18:59:09.555]]>
    </line>
    <line>
      <![CDATA[type: General]]>
    </line>
    <line>
      <![CDATA[ message: Looking for a rent house in Sydney]]>
    </line>
    <line>
      <![CDATA[, emailaddress: Peter@gmail.com]]>
    </line>
    <line>
      <![CDATA[, createddate: 2022-08-07]]>
    </line>
    <line>
      <![CDATA[, processeddate: 2022-08-09 18:59:09.555]]>
    </line>
    <line>
      <![CDATA[type: General]]>
    </line>
    <line>
      <![CDATA[ message: Looking for a rent house in Sydney]]>
    </line>
    <line>
      <![CDATA[, emailaddress: Peter@gmail.com]]>
    </line>
    <line>
      <![CDATA[, createddate: 2022-08-07]]>
    </line>
    <line>
      <![CDATA[, processeddate: 2022-08-09 18:59:09.555]]>
    </line>
    <line>
      <![CDATA[type: General]]>
    </line>
    <line>
      <![CDATA[ message: Looking for a rent house in Sydney]]>
    </line>
    <line>
      <![CDATA[, emailaddress: Peter@gmail.com]]>
    </line>
    <line>
      <![CDATA[, createddate: 2022-08-07]]>
    </line>
    <line>
      <![CDATA[, processeddate: 2022-08-09 18:59:09.555]]>
    </line>
    <line>
      <![CDATA[type: General]]>
    </line>
    <line>
      <![CDATA[ message: Looking for a rent house in Sydney]]>
    </line>
    <line>
      <![CDATA[, emailaddress: Peter@gmail.com]]>
    </line>
    <line>
      <![CDATA[, createddate: 2022-08-07]]>
    </line>
    <line>
      <![CDATA[, processeddate: 2022-08-09 18:59:09.555]]>
    </line>
    <line>
      <![CDATA[type: High]]>
    </line>
    <line>
      <![CDATA[ message: Want to sell house]]>
    </line>
    <line>
      <![CDATA[, emailaddress: Sam@gmail.com]]>
    </line>
    <line>
      <![CDATA[, createddate: 2022-08-07]]>
    </line>
    <line>
      <![CDATA[, processeddate: 2022-08-09 18:59:12.217]]>
    </line>
    <line>
      <![CDATA[type: High]]>
    </line>
    <line>
      <![CDATA[ message: Want to sell house]]>
    </line>
    <line>
      <![CDATA[, emailaddress: Sam@gmail.com]]>
    </line>
    <line>
      <![CDATA[, createddate: 2022-08-07]]>
    </line>
    <line>
      <![CDATA[, processeddate: 2022-08-09 18:59:12.217]]>
    </line>
    <line>
      <![CDATA[type: High]]>
    </line>
    <line>
      <![CDATA[ message: Want to sell house]]>
    </line>
    <line>
      <![CDATA[, emailaddress: Sam@gmail.com]]>
    </line>
    <line>
      <![CDATA[, createddate: 2022-08-07]]>
    </line>
    <line>
      <![CDATA[, processeddate: 2022-08-09 18:59:12.217]]>
    </line>
    <line>
      <![CDATA[type: High]]>
    </line>
    <line>
      <![CDATA[ message: Want to sell house]]>
    </line>
    <line>
      <![CDATA[, emailaddress: Sam@gmail.com]]>
    </line>
    <line>
      <![CDATA[, createddate: 2022-08-07]]>
    </line>
    <line>
      <![CDATA[, processeddate: 2022-08-09 18:59:12.217]]>
    </line>
    <line>
      <![CDATA[type: High]]>
    </line>
    <line>
      <![CDATA[ message: Want to sell house]]>
    </line>
    <line>
      <![CDATA[, emailaddress: Sam@gmail.com]]>
    </line>
    <line>
      <![CDATA[, createddate: 2022-08-07]]>
    </line>
    <line>
      <![CDATA[, processeddate: 2022-08-09 18:59:12.217]]>
    </line>
    <line>
      <![CDATA[type: High]]>
    </line>
    <line>
      <![CDATA[ message: Want to sell house]]>
    </line>
    <line>
      <![CDATA[, emailaddress: Sam@gmail.com]]>
    </line>
    <line>
      <![CDATA[, createddate: 2022-08-07]]>
    </line>
    <line>
      <![CDATA[, processeddate: 2022-08-09 18:59:12.217]]>
    </line>
    <line>
      <![CDATA[type: High]]>
    </line>
    <line>
      <![CDATA[ message: Want to sell house]]>
    </line>
    <line>
      <![CDATA[, emailaddress: Sam@gmail.com]]>
    </line>
    <line>
      <![CDATA[, createddate: 2022-08-07]]>
    </line>
    <line>
      <![CDATA[, processeddate: 2022-08-09 18:59:12.217]]>
    </line>
    <line>
      <![CDATA[type: urgent]]>
    </line>
    <line>
      <![CDATA[ message: Want an apartment in Melbourne]]>
    </line>
    <line>
      <![CDATA[, emailaddress: John@gmail.com]]>
    </line>
    <line>
      <![CDATA[, createddate: 2022-08-01]]>
    </line>
    <line>
      <![CDATA[, processeddate: 0001-01-01 00:00:00.0]]>
    </line>
    <line>
      <![CDATA[Email sent successfully for the user email Address John@gmail.com]]>
    </line>
    <line>
      <![CDATA[User with John@gmail.com processed on 2022-08-09 19:01:55.078: Logged through Email]]>
    </line>
    <line>
      <![CDATA[type: Urgent]]>
    </line>
    <line>
      <![CDATA[ message: Looking for a house in Australia]]>
    </line>
    <line>
      <![CDATA[, emailaddress: Charles@gmail.com]]>
    </line>
    <line>
      <![CDATA[, createddate: 2022-08-08]]>
    </line>
    <line>
      <![CDATA[, processeddate: 0001-01-01 00:00:00.0]]>
    </line>
    <line>
      <![CDATA[JIRA Task created successfully for the user email Address Charles@gmail.com]]>
    </line>
    <line>
      <![CDATA[User with Charles@gmail.com processed on 2022-08-09 19:01:55.559: Logged through Email]]>
    </line>
    <line>
      <![CDATA[type: General]]>
    </line>
    <line>
      <![CDATA[ message: Looking for a rent house in Sydney]]>
    </line>
    <line>
      <![CDATA[, emailaddress: Peter@gmail.com]]>
    </line>
    <line>
      <![CDATA[, createddate: 2022-08-07]]>
    </line>
    <line>
      <![CDATA[, processeddate: 0001-01-01 00:00:00.0]]>
    </line>
    <line>
      <![CDATA[Email sent successfully for the user email Address Peter@gmail.com]]>
    </line>
    <line>
      <![CDATA[User with Peter@gmail.com processed on 2022-08-09 19:01:58.308: Logged through Email]]>
    </line>
    <line>
      <![CDATA[type: High]]>
    </line>
    <line>
      <![CDATA[ message: Want to sell house]]>
    </line>
    <line>
      <![CDATA[, emailaddress: Sam@gmail.com]]>
    </line>
    <line>
      <![CDATA[, createddate: 2022-08-07]]>
    </line>
    <line>
      <![CDATA[, processeddate: 0001-01-01 00:00:00.0]]>
    </line>
    <line>
      <![CDATA[Email sent successfully for the user email Address Sam@gmail.com]]>
    </line>
    <line>
      <![CDATA[User with Sam@gmail.com processed on 2022-08-09 19:02:01.694: Logged through Email]]>
    </line>
    <line>
      <![CDATA[type: High]]>
    </line>
    <line>
      <![CDATA[ message: Want to sell house]]>
    </line>
    <line>
      <![CDATA[, emailaddress: Sam@gmail.com]]>
    </line>
    <line>
      <![CDATA[, createddate: 2022-08-07]]>
    </line>
    <line>
      <![CDATA[, processeddate: 0001-01-01 00:00:00.0]]>
    </line>
    <line>
      <![CDATA[Email sent successfully for the user email Address Sam@gmail.com]]>
    </line>
    <line>
      <![CDATA[User with Sam@gmail.com processed on 2022-08-09 19:02:04.341: Logged through Email]]>
    </line>
  </reporter-output>
  <suite started-at="2022-08-09T19:01:45 AEST" name="All Test Suite" finished-at="2022-08-09T19:02:04 AEST" duration-ms="19041">
    <groups>
    </groups>
    <test started-at="2022-08-09T19:01:45 AEST" name="/Users/gauravpurwar/Documents/ListnrProject" finished-at="2022-08-09T19:02:04 AEST" duration-ms="19041">
      <class name="Runner">
        <test-method signature="createRecords(java.lang.String,java.lang.String,java.lang.String,java.lang.String,java.sql.Timestamp)[pri:0, instance:Runner@2cb2fc20]" started-at="2022-08-09T19:01:45 AEST" name="createRecords" data-provider="data-provider" finished-at="2022-08-09T19:01:45 AEST" duration-ms="97" status="PASS">
          <params>
            <param index="0">
              <value>
                <![CDATA[urgent]]>
              </value>
            </param>
            <param index="1">
              <value>
                <![CDATA[Want an apartment in Melbourne]]>
              </value>
            </param>
            <param index="2">
              <value>
                <![CDATA[John@gmail.com]]>
              </value>
            </param>
            <param index="3">
              <value>
                <![CDATA[2022-08-01]]>
              </value>
            </param>
            <param index="4">
              <value>
                <![CDATA[0001-01-01 00:00:00.0]]>
              </value>
            </param>
          </params>
          <reporter-output>
          </reporter-output>
        </test-method> <!-- createRecords -->
        <test-method signature="createRecords(java.lang.String,java.lang.String,java.lang.String,java.lang.String,java.sql.Timestamp)[pri:0, instance:Runner@2cb2fc20]" started-at="2022-08-09T19:01:45 AEST" name="createRecords" data-provider="data-provider" finished-at="2022-08-09T19:01:45 AEST" duration-ms="8" status="PASS">
          <params>
            <param index="0">
              <value>
                <![CDATA[Urgent]]>
              </value>
            </param>
            <param index="1">
              <value>
                <![CDATA[Looking for a house in Australia]]>
              </value>
            </param>
            <param index="2">
              <value>
                <![CDATA[Charles@gmail.com]]>
              </value>
            </param>
            <param index="3">
              <value>
                <![CDATA[2022-08-08]]>
              </value>
            </param>
            <param index="4">
              <value>
                <![CDATA[0001-01-01 00:00:00.0]]>
              </value>
            </param>
          </params>
          <reporter-output>
          </reporter-output>
        </test-method> <!-- createRecords -->
        <test-method signature="createRecords(java.lang.String,java.lang.String,java.lang.String,java.lang.String,java.sql.Timestamp)[pri:0, instance:Runner@2cb2fc20]" started-at="2022-08-09T19:01:45 AEST" name="createRecords" data-provider="data-provider" finished-at="2022-08-09T19:01:45 AEST" duration-ms="14" status="PASS">
          <params>
            <param index="0">
              <value>
                <![CDATA[General]]>
              </value>
            </param>
            <param index="1">
              <value>
                <![CDATA[Looking for a rent house in Sydney]]>
              </value>
            </param>
            <param index="2">
              <value>
                <![CDATA[Peter@gmail.com]]>
              </value>
            </param>
            <param index="3">
              <value>
                <![CDATA[2022-08-07]]>
              </value>
            </param>
            <param index="4">
              <value>
                <![CDATA[0001-01-01 00:00:00.0]]>
              </value>
            </param>
          </params>
          <reporter-output>
          </reporter-output>
        </test-method> <!-- createRecords -->
        <test-method signature="createRecords(java.lang.String,java.lang.String,java.lang.String,java.lang.String,java.sql.Timestamp)[pri:0, instance:Runner@2cb2fc20]" started-at="2022-08-09T19:01:45 AEST" name="createRecords" data-provider="data-provider" finished-at="2022-08-09T19:01:45 AEST" duration-ms="6" status="PASS">
          <params>
            <param index="0">
              <value>
                <![CDATA[High]]>
              </value>
            </param>
            <param index="1">
              <value>
                <![CDATA[Want to sell house]]>
              </value>
            </param>
            <param index="2">
              <value>
                <![CDATA[Sam@gmail.com]]>
              </value>
            </param>
            <param index="3">
              <value>
                <![CDATA[2022-08-07]]>
              </value>
            </param>
            <param index="4">
              <value>
                <![CDATA[0001-01-01 00:00:00.0]]>
              </value>
            </param>
          </params>
          <reporter-output>
          </reporter-output>
        </test-method> <!-- createRecords -->
        <test-method signature="execute()[pri:0, instance:Runner@2cb2fc20]" started-at="2022-08-09T19:01:45 AEST" name="execute" finished-at="2022-08-09T19:02:04 AEST" duration-ms="18759" status="PASS">
          <reporter-output>
            <line>
              <![CDATA[type: ]]>
            </line>
            <line>
              <![CDATA[ message: ]]>
            </line>
            <line>
              <![CDATA[, emailaddress: ]]>
            </line>
            <line>
              <![CDATA[, createddate: ]]>
            </line>
            <line>
              <![CDATA[, processeddate: 2014-07-02 06:14:00.742]]>
            </line>
            <line>
              <![CDATA[type: ]]>
            </line>
            <line>
              <![CDATA[ message: ]]>
            </line>
            <line>
              <![CDATA[, emailaddress: ]]>
            </line>
            <line>
              <![CDATA[, createddate: ]]>
            </line>
            <line>
              <![CDATA[, processeddate: 2014-07-02 06:14:00.742]]>
            </line>
            <line>
              <![CDATA[type: normal]]>
            </line>
            <line>
              <![CDATA[ message: need a flat]]>
            </line>
            <line>
              <![CDATA[, emailaddress: abcd@mail.com]]>
            </line>
            <line>
              <![CDATA[, createddate: 2022-10-10]]>
            </line>
            <line>
              <![CDATA[, processeddate: 2022-08-20 00:00:00.0]]>
            </line>
            <line>
              <![CDATA[type: normal]]>
            </line>
            <line>
              <![CDATA[ message: need a flat]]>
            </line>
            <line>
              <![CDATA[, emailaddress: abcd@mail.com]]>
            </line>
            <line>
              <![CDATA[, createddate: 2022-10-10]]>
            </line>
            <line>
              <![CDATA[, processeddate: 2022-08-20 00:00:00.0]]>
            </line>
            <line>
              <![CDATA[type: normal]]>
            </line>
            <line>
              <![CDATA[ message: need a flat]]>
            </line>
            <line>
              <![CDATA[, emailaddress: abcd@mail.com]]>
            </line>
            <line>
              <![CDATA[, createddate: 2022-10-10]]>
            </line>
            <line>
              <![CDATA[, processeddate: 2022-08-20 00:00:00.0]]>
            </line>
            <line>
              <![CDATA[type: normal]]>
            </line>
            <line>
              <![CDATA[ message: need a flat]]>
            </line>
            <line>
              <![CDATA[, emailaddress: abcd@mail.com]]>
            </line>
            <line>
              <![CDATA[, createddate: 2022-10-10]]>
            </line>
            <line>
              <![CDATA[, processeddate: 2022-08-20 00:00:00.0]]>
            </line>
            <line>
              <![CDATA[type: normal]]>
            </line>
            <line>
              <![CDATA[ message: need a flat]]>
            </line>
            <line>
              <![CDATA[, emailaddress: abcd@mail.com]]>
            </line>
            <line>
              <![CDATA[, createddate: 2022-10-10]]>
            </line>
            <line>
              <![CDATA[, processeddate: 2022-08-20 00:00:00.0]]>
            </line>
            <line>
              <![CDATA[type: normal]]>
            </line>
            <line>
              <![CDATA[ message: need a flat]]>
            </line>
            <line>
              <![CDATA[, emailaddress: abcd@mail.com]]>
            </line>
            <line>
              <![CDATA[, createddate: 2022-10-10]]>
            </line>
            <line>
              <![CDATA[, processeddate: 2022-08-20 00:00:00.0]]>
            </line>
            <line>
              <![CDATA[type: normal]]>
            </line>
            <line>
              <![CDATA[ message: need a flat]]>
            </line>
            <line>
              <![CDATA[, emailaddress: abcd@mail.com]]>
            </line>
            <line>
              <![CDATA[, createddate: 2022-10-10]]>
            </line>
            <line>
              <![CDATA[, processeddate: 2022-08-20 00:00:00.0]]>
            </line>
            <line>
              <![CDATA[type: urgent]]>
            </line>
            <line>
              <![CDATA[ message: Want an apartment in Melbourne]]>
            </line>
            <line>
              <![CDATA[, emailaddress: John@mail.com]]>
            </line>
            <line>
              <![CDATA[, createddate: 2022-08-01]]>
            </line>
            <line>
              <![CDATA[, processeddate: 2022-08-09 04:25:04.37]]>
            </line>
            <line>
              <![CDATA[type: Urgent]]>
            </line>
            <line>
              <![CDATA[ message: Looking for a house in Australia]]>
            </line>
            <line>
              <![CDATA[, emailaddress: Charles@mail.com]]>
            </line>
            <line>
              <![CDATA[, createddate: 2022-08-09]]>
            </line>
            <line>
              <![CDATA[, processeddate: 2022-08-09 04:25:04.394]]>
            </line>
            <line>
              <![CDATA[type: General]]>
            </line>
            <line>
              <![CDATA[ message: Looking for a rent house in Sydney]]>
            </line>
            <line>
              <![CDATA[, emailaddress: Peter@mail.com]]>
            </line>
            <line>
              <![CDATA[, createddate: 2022-08-07]]>
            </line>
            <line>
              <![CDATA[, processeddate: 2022-08-09 04:25:04.396]]>
            </line>
            <line>
              <![CDATA[type: High]]>
            </line>
            <line>
              <![CDATA[ message: Want to sell house]]>
            </line>
            <line>
              <![CDATA[, emailaddress: Sam@mail.com]]>
            </line>
            <line>
              <![CDATA[, createddate: 2022-08-07]]>
            </line>
            <line>
              <![CDATA[, processeddate: 2022-08-09 04:25:04.398]]>
            </line>
            <line>
              <![CDATA[type: Urgent]]>
            </line>
            <line>
              <![CDATA[ message: Looking for a house in Australia]]>
            </line>
            <line>
              <![CDATA[, emailaddress: Charles@gmail.com]]>
            </line>
            <line>
              <![CDATA[, createddate: 2022-08-08]]>
            </line>
            <line>
              <![CDATA[, processeddate: 2022-08-09 18:59:06.701]]>
            </line>
            <line>
              <![CDATA[type: Urgent]]>
            </line>
            <line>
              <![CDATA[ message: Looking for a house in Australia]]>
            </line>
            <line>
              <![CDATA[, emailaddress: Charles@gmail.com]]>
            </line>
            <line>
              <![CDATA[, createddate: 2022-08-08]]>
            </line>
            <line>
              <![CDATA[, processeddate: 2022-08-09 18:59:06.701]]>
            </line>
            <line>
              <![CDATA[type: Urgent]]>
            </line>
            <line>
              <![CDATA[ message: Looking for a house in Australia]]>
            </line>
            <line>
              <![CDATA[, emailaddress: Charles@gmail.com]]>
            </line>
            <line>
              <![CDATA[, createddate: 2022-08-08]]>
            </line>
            <line>
              <![CDATA[, processeddate: 2022-08-09 18:59:06.701]]>
            </line>
            <line>
              <![CDATA[type: Urgent]]>
            </line>
            <line>
              <![CDATA[ message: Looking for a house in Australia]]>
            </line>
            <line>
              <![CDATA[, emailaddress: Charles@gmail.com]]>
            </line>
            <line>
              <![CDATA[, createddate: 2022-08-08]]>
            </line>
            <line>
              <![CDATA[, processeddate: 2022-08-09 18:59:06.701]]>
            </line>
            <line>
              <![CDATA[type: Urgent]]>
            </line>
            <line>
              <![CDATA[ message: Looking for a house in Australia]]>
            </line>
            <line>
              <![CDATA[, emailaddress: Charles@gmail.com]]>
            </line>
            <line>
              <![CDATA[, createddate: 2022-08-08]]>
            </line>
            <line>
              <![CDATA[, processeddate: 2022-08-09 18:59:06.701]]>
            </line>
            <line>
              <![CDATA[type: Urgent]]>
            </line>
            <line>
              <![CDATA[ message: Looking for a house in Australia]]>
            </line>
            <line>
              <![CDATA[, emailaddress: Charles@gmail.com]]>
            </line>
            <line>
              <![CDATA[, createddate: 2022-08-08]]>
            </line>
            <line>
              <![CDATA[, processeddate: 2022-08-09 18:59:06.701]]>
            </line>
            <line>
              <![CDATA[type: Urgent]]>
            </line>
            <line>
              <![CDATA[ message: Looking for a house in Australia]]>
            </line>
            <line>
              <![CDATA[, emailaddress: Charles@gmail.com]]>
            </line>
            <line>
              <![CDATA[, createddate: 2022-08-08]]>
            </line>
            <line>
              <![CDATA[, processeddate: 2022-08-09 18:59:06.701]]>
            </line>
            <line>
              <![CDATA[type: OK]]>
            </line>
            <line>
              <![CDATA[ message: need a flat in sydney]]>
            </line>
            <line>
              <![CDATA[, emailaddress: abcd324@mail.com]]>
            </line>
            <line>
              <![CDATA[, createddate: 2021-10-10]]>
            </line>
            <line>
              <![CDATA[, processeddate: 2022-08-09 04:18:40.596]]>
            </line>
            <line>
              <![CDATA[type: OK]]>
            </line>
            <line>
              <![CDATA[ message: need a flat in America]]>
            </line>
            <line>
              <![CDATA[, emailaddress: abcd324@mail.com]]>
            </line>
            <line>
              <![CDATA[, createddate: 2021-10-10]]>
            </line>
            <line>
              <![CDATA[, processeddate: 2022-08-09 04:18:40.596]]>
            </line>
            <line>
              <![CDATA[type: OK]]>
            </line>
            <line>
              <![CDATA[ message: need a flat in America]]>
            </line>
            <line>
              <![CDATA[, emailaddress: abcd324@mail.com]]>
            </line>
            <line>
              <![CDATA[, createddate: 2021-10-10]]>
            </line>
            <line>
              <![CDATA[, processeddate: 2022-08-09 04:18:40.596]]>
            </line>
            <line>
              <![CDATA[type: OK]]>
            </line>
            <line>
              <![CDATA[ message: need a flat in America]]>
            </line>
            <line>
              <![CDATA[, emailaddress: abcd324@mail.com]]>
            </line>
            <line>
              <![CDATA[, createddate: 2022-08-05]]>
            </line>
            <line>
              <![CDATA[, processeddate: 2022-08-09 04:18:40.596]]>
            </line>
            <line>
              <![CDATA[type: urgent]]>
            </line>
            <line>
              <![CDATA[ message: need a flat in America]]>
            </line>
            <line>
              <![CDATA[, emailaddress: abcd324@mail.com]]>
            </line>
            <line>
              <![CDATA[, createddate: 2022-08-06]]>
            </line>
            <line>
              <![CDATA[, processeddate: 2022-08-09 04:18:40.596]]>
            </line>
            <line>
              <![CDATA[type: urgent]]>
            </line>
            <line>
              <![CDATA[ message: need a flat in America]]>
            </line>
            <line>
              <![CDATA[, emailaddress: abcd324@mail.com]]>
            </line>
            <line>
              <![CDATA[, createddate: 2022-08-06]]>
            </line>
            <line>
              <![CDATA[, processeddate: 2022-08-09 04:18:40.596]]>
            </line>
            <line>
              <![CDATA[type: urgent]]>
            </line>
            <line>
              <![CDATA[ message: need a flat in America]]>
            </line>
            <line>
              <![CDATA[, emailaddress: abcd324@mail.com]]>
            </line>
            <line>
              <![CDATA[, createddate: 2022-08-06]]>
            </line>
            <line>
              <![CDATA[, processeddate: 2022-08-09 04:18:40.596]]>
            </line>
            <line>
              <![CDATA[type: urgent]]>
            </line>
            <line>
              <![CDATA[ message: need a flat in America]]>
            </line>
            <line>
              <![CDATA[, emailaddress: abcd324@mail.com]]>
            </line>
            <line>
              <![CDATA[, createddate: 2022-08-06]]>
            </line>
            <line>
              <![CDATA[, processeddate: 2022-08-09 04:18:40.596]]>
            </line>
            <line>
              <![CDATA[type: urgent]]>
            </line>
            <line>
              <![CDATA[ message: need a flat in America]]>
            </line>
            <line>
              <![CDATA[, emailaddress: abcd324@mail.com]]>
            </line>
            <line>
              <![CDATA[, createddate: 2022-08-06]]>
            </line>
            <line>
              <![CDATA[, processeddate: 2022-08-09 04:18:40.596]]>
            </line>
            <line>
              <![CDATA[type: urgent]]>
            </line>
            <line>
              <![CDATA[ message: need a flat in America]]>
            </line>
            <line>
              <![CDATA[, emailaddress: abcd324@mail.com]]>
            </line>
            <line>
              <![CDATA[, createddate: 2022-08-06]]>
            </line>
            <line>
              <![CDATA[, processeddate: 2022-08-09 04:18:40.596]]>
            </line>
            <line>
              <![CDATA[type: General]]>
            </line>
            <line>
              <![CDATA[ message: Looking for a rent house in Sydney]]>
            </line>
            <line>
              <![CDATA[, emailaddress: Peter@gmail.com]]>
            </line>
            <line>
              <![CDATA[, createddate: 2022-08-07]]>
            </line>
            <line>
              <![CDATA[, processeddate: 2022-08-09 18:59:09.555]]>
            </line>
            <line>
              <![CDATA[type: General]]>
            </line>
            <line>
              <![CDATA[ message: Looking for a rent house in Sydney]]>
            </line>
            <line>
              <![CDATA[, emailaddress: Peter@gmail.com]]>
            </line>
            <line>
              <![CDATA[, createddate: 2022-08-07]]>
            </line>
            <line>
              <![CDATA[, processeddate: 2022-08-09 18:59:09.555]]>
            </line>
            <line>
              <![CDATA[type: General]]>
            </line>
            <line>
              <![CDATA[ message: Looking for a rent house in Sydney]]>
            </line>
            <line>
              <![CDATA[, emailaddress: Peter@gmail.com]]>
            </line>
            <line>
              <![CDATA[, createddate: 2022-08-07]]>
            </line>
            <line>
              <![CDATA[, processeddate: 2022-08-09 18:59:09.555]]>
            </line>
            <line>
              <![CDATA[type: General]]>
            </line>
            <line>
              <![CDATA[ message: Looking for a rent house in Sydney]]>
            </line>
            <line>
              <![CDATA[, emailaddress: Peter@gmail.com]]>
            </line>
            <line>
              <![CDATA[, createddate: 2022-08-07]]>
            </line>
            <line>
              <![CDATA[, processeddate: 2022-08-09 18:59:09.555]]>
            </line>
            <line>
              <![CDATA[type: urgent]]>
            </line>
            <line>
              <![CDATA[ message: need a flat in America]]>
            </line>
            <line>
              <![CDATA[, emailaddress: abcd324@mail.com]]>
            </line>
            <line>
              <![CDATA[, createddate: 2022-08-06]]>
            </line>
            <line>
              <![CDATA[, processeddate: 2022-08-09 04:18:40.596]]>
            </line>
            <line>
              <![CDATA[type: urgent]]>
            </line>
            <line>
              <![CDATA[ message: need a flat in America]]>
            </line>
            <line>
              <![CDATA[, emailaddress: abcd324@mail.com]]>
            </line>
            <line>
              <![CDATA[, createddate: 2022-08-06]]>
            </line>
            <line>
              <![CDATA[, processeddate: 2022-08-09 04:18:40.596]]>
            </line>
            <line>
              <![CDATA[type: urgent]]>
            </line>
            <line>
              <![CDATA[ message: need a flat in America]]>
            </line>
            <line>
              <![CDATA[, emailaddress: abcd324@mail.com]]>
            </line>
            <line>
              <![CDATA[, createddate: 2022-08-07]]>
            </line>
            <line>
              <![CDATA[, processeddate: 2022-08-09 04:18:40.596]]>
            </line>
            <line>
              <![CDATA[type: urgent]]>
            </line>
            <line>
              <![CDATA[ message: need a flat in America]]>
            </line>
            <line>
              <![CDATA[, emailaddress: abcd324@mail.com]]>
            </line>
            <line>
              <![CDATA[, createddate: 2022-08-07]]>
            </line>
            <line>
              <![CDATA[, processeddate: 2022-08-09 04:18:40.596]]>
            </line>
            <line>
              <![CDATA[type: urgent]]>
            </line>
            <line>
              <![CDATA[ message: need a flat in America]]>
            </line>
            <line>
              <![CDATA[, emailaddress: abcd324@mail.com]]>
            </line>
            <line>
              <![CDATA[, createddate: 2022-08-08]]>
            </line>
            <line>
              <![CDATA[, processeddate: 2022-08-09 04:18:40.596]]>
            </line>
            <line>
              <![CDATA[type: Urgent]]>
            </line>
            <line>
              <![CDATA[ message: need a flat in America]]>
            </line>
            <line>
              <![CDATA[, emailaddress: abcd324@mail.com]]>
            </line>
            <line>
              <![CDATA[, createddate: 2022-08-09]]>
            </line>
            <line>
              <![CDATA[, processeddate: 2022-08-09 04:18:40.596]]>
            </line>
            <line>
              <![CDATA[type: General]]>
            </line>
            <line>
              <![CDATA[ message: Looking for a rent house in Sydney]]>
            </line>
            <line>
              <![CDATA[, emailaddress: Peter@gmail.com]]>
            </line>
            <line>
              <![CDATA[, createddate: 2022-08-07]]>
            </line>
            <line>
              <![CDATA[, processeddate: 2022-08-09 18:59:09.555]]>
            </line>
            <line>
              <![CDATA[type: General]]>
            </line>
            <line>
              <![CDATA[ message: Looking for a rent house in Sydney]]>
            </line>
            <line>
              <![CDATA[, emailaddress: Peter@gmail.com]]>
            </line>
            <line>
              <![CDATA[, createddate: 2022-08-07]]>
            </line>
            <line>
              <![CDATA[, processeddate: 2022-08-09 18:59:09.555]]>
            </line>
            <line>
              <![CDATA[type: General]]>
            </line>
            <line>
              <![CDATA[ message: Looking for a rent house in Sydney]]>
            </line>
            <line>
              <![CDATA[, emailaddress: Peter@gmail.com]]>
            </line>
            <line>
              <![CDATA[, createddate: 2022-08-07]]>
            </line>
            <line>
              <![CDATA[, processeddate: 2022-08-09 18:59:09.555]]>
            </line>
            <line>
              <![CDATA[type: High]]>
            </line>
            <line>
              <![CDATA[ message: Want to sell house]]>
            </line>
            <line>
              <![CDATA[, emailaddress: Sam@gmail.com]]>
            </line>
            <line>
              <![CDATA[, createddate: 2022-08-07]]>
            </line>
            <line>
              <![CDATA[, processeddate: 2022-08-09 18:59:12.217]]>
            </line>
            <line>
              <![CDATA[type: High]]>
            </line>
            <line>
              <![CDATA[ message: Want to sell house]]>
            </line>
            <line>
              <![CDATA[, emailaddress: Sam@gmail.com]]>
            </line>
            <line>
              <![CDATA[, createddate: 2022-08-07]]>
            </line>
            <line>
              <![CDATA[, processeddate: 2022-08-09 18:59:12.217]]>
            </line>
            <line>
              <![CDATA[type: High]]>
            </line>
            <line>
              <![CDATA[ message: Want to sell house]]>
            </line>
            <line>
              <![CDATA[, emailaddress: Sam@gmail.com]]>
            </line>
            <line>
              <![CDATA[, createddate: 2022-08-07]]>
            </line>
            <line>
              <![CDATA[, processeddate: 2022-08-09 18:59:12.217]]>
            </line>
            <line>
              <![CDATA[type: High]]>
            </line>
            <line>
              <![CDATA[ message: Want to sell house]]>
            </line>
            <line>
              <![CDATA[, emailaddress: Sam@gmail.com]]>
            </line>
            <line>
              <![CDATA[, createddate: 2022-08-07]]>
            </line>
            <line>
              <![CDATA[, processeddate: 2022-08-09 18:59:12.217]]>
            </line>
            <line>
              <![CDATA[type: urgent]]>
            </line>
            <line>
              <![CDATA[ message: Want an apartment in Melbourne]]>
            </line>
            <line>
              <![CDATA[, emailaddress: John@gmail.com]]>
            </line>
            <line>
              <![CDATA[, createddate: 2022-08-01]]>
            </line>
            <line>
              <![CDATA[, processeddate: 2022-08-09 18:59:04.852]]>
            </line>
            <line>
              <![CDATA[type: urgent]]>
            </line>
            <line>
              <![CDATA[ message: Want an apartment in Melbourne]]>
            </line>
            <line>
              <![CDATA[, emailaddress: John@gmail.com]]>
            </line>
            <line>
              <![CDATA[, createddate: 2022-08-01]]>
            </line>
            <line>
              <![CDATA[, processeddate: 2022-08-09 18:59:04.852]]>
            </line>
            <line>
              <![CDATA[type: urgent]]>
            </line>
            <line>
              <![CDATA[ message: Want an apartment in Melbourne]]>
            </line>
            <line>
              <![CDATA[, emailaddress: John@gmail.com]]>
            </line>
            <line>
              <![CDATA[, createddate: 2022-08-01]]>
            </line>
            <line>
              <![CDATA[, processeddate: 2022-08-09 18:59:04.852]]>
            </line>
            <line>
              <![CDATA[type: urgent]]>
            </line>
            <line>
              <![CDATA[ message: Want an apartment in Melbourne]]>
            </line>
            <line>
              <![CDATA[, emailaddress: John@gmail.com]]>
            </line>
            <line>
              <![CDATA[, createddate: 2022-08-01]]>
            </line>
            <line>
              <![CDATA[, processeddate: 2022-08-09 18:59:04.852]]>
            </line>
            <line>
              <![CDATA[type: urgent]]>
            </line>
            <line>
              <![CDATA[ message: Want an apartment in Melbourne]]>
            </line>
            <line>
              <![CDATA[, emailaddress: John@gmail.com]]>
            </line>
            <line>
              <![CDATA[, createddate: 2022-08-01]]>
            </line>
            <line>
              <![CDATA[, processeddate: 2022-08-09 18:59:04.852]]>
            </line>
            <line>
              <![CDATA[type: urgent]]>
            </line>
            <line>
              <![CDATA[ message: Want an apartment in Melbourne]]>
            </line>
            <line>
              <![CDATA[, emailaddress: John@gmail.com]]>
            </line>
            <line>
              <![CDATA[, createddate: 2022-08-01]]>
            </line>
            <line>
              <![CDATA[, processeddate: 2022-08-09 18:59:04.852]]>
            </line>
            <line>
              <![CDATA[type: urgent]]>
            </line>
            <line>
              <![CDATA[ message: Want an apartment in Melbourne]]>
            </line>
            <line>
              <![CDATA[, emailaddress: John@gmail.com]]>
            </line>
            <line>
              <![CDATA[, createddate: 2022-08-01]]>
            </line>
            <line>
              <![CDATA[, processeddate: 2022-08-09 18:59:04.852]]>
            </line>
            <line>
              <![CDATA[type: High]]>
            </line>
            <line>
              <![CDATA[ message: Want to sell house]]>
            </line>
            <line>
              <![CDATA[, emailaddress: Sam@gmail.com]]>
            </line>
            <line>
              <![CDATA[, createddate: 2022-08-07]]>
            </line>
            <line>
              <![CDATA[, processeddate: 2022-08-09 18:59:12.217]]>
            </line>
            <line>
              <![CDATA[type: High]]>
            </line>
            <line>
              <![CDATA[ message: Want to sell house]]>
            </line>
            <line>
              <![CDATA[, emailaddress: Sam@gmail.com]]>
            </line>
            <line>
              <![CDATA[, createddate: 2022-08-07]]>
            </line>
            <line>
              <![CDATA[, processeddate: 2022-08-09 18:59:12.217]]>
            </line>
            <line>
              <![CDATA[type: High]]>
            </line>
            <line>
              <![CDATA[ message: Want to sell house]]>
            </line>
            <line>
              <![CDATA[, emailaddress: Sam@gmail.com]]>
            </line>
            <line>
              <![CDATA[, createddate: 2022-08-07]]>
            </line>
            <line>
              <![CDATA[, processeddate: 2022-08-09 18:59:12.217]]>
            </line>
            <line>
              <![CDATA[type: urgent]]>
            </line>
            <line>
              <![CDATA[ message: Want an apartment in Melbourne]]>
            </line>
            <line>
              <![CDATA[, emailaddress: John@gmail.com]]>
            </line>
            <line>
              <![CDATA[, createddate: 2022-08-01]]>
            </line>
            <line>
              <![CDATA[, processeddate: 0001-01-01 00:00:00.0]]>
            </line>
            <line>
              <![CDATA[Email sent successfully for the user email Address John@gmail.com]]>
            </line>
            <line>
              <![CDATA[User with John@gmail.com processed on 2022-08-09 19:01:48.853: Logged through Email]]>
            </line>
            <line>
              <![CDATA[type: Urgent]]>
            </line>
            <line>
              <![CDATA[ message: Looking for a house in Australia]]>
            </line>
            <line>
              <![CDATA[, emailaddress: Charles@gmail.com]]>
            </line>
            <line>
              <![CDATA[, createddate: 2022-08-08]]>
            </line>
            <line>
              <![CDATA[, processeddate: 0001-01-01 00:00:00.0]]>
            </line>
            <line>
              <![CDATA[JIRA Task created successfully for the user email Address Charles@gmail.com]]>
            </line>
            <line>
              <![CDATA[User with Charles@gmail.com processed on 2022-08-09 19:01:49.718: Logged through Email]]>
            </line>
            <line>
              <![CDATA[type: General]]>
            </line>
            <line>
              <![CDATA[ message: Looking for a rent house in Sydney]]>
            </line>
            <line>
              <![CDATA[, emailaddress: Peter@gmail.com]]>
            </line>
            <line>
              <![CDATA[, createddate: 2022-08-07]]>
            </line>
            <line>
              <![CDATA[, processeddate: 0001-01-01 00:00:00.0]]>
            </line>
            <line>
              <![CDATA[Email sent successfully for the user email Address Peter@gmail.com]]>
            </line>
            <line>
              <![CDATA[User with Peter@gmail.com processed on 2022-08-09 19:01:52.399: Logged through Email]]>
            </line>
            <line>
              <![CDATA[type: general]]>
            </line>
            <line>
              <![CDATA[ message: need a flat in America]]>
            </line>
            <line>
              <![CDATA[, emailaddress: abcd324@mail.com]]>
            </line>
            <line>
              <![CDATA[, createddate: 2022-08-07]]>
            </line>
            <line>
              <![CDATA[, processeddate: 2022-08-09 04:18:40.596]]>
            </line>
            <line>
              <![CDATA[type: high]]>
            </line>
            <line>
              <![CDATA[ message: need a flat in America]]>
            </line>
            <line>
              <![CDATA[, emailaddress: abcd324@mail.com]]>
            </line>
            <line>
              <![CDATA[, createddate: 2022-08-07]]>
            </line>
            <line>
              <![CDATA[, processeddate: 2022-08-09 04:18:40.596]]>
            </line>
            <line>
              <![CDATA[type: urgent]]>
            </line>
            <line>
              <![CDATA[ message: Want an apartment in Melbourne]]>
            </line>
            <line>
              <![CDATA[, emailaddress: John@gmail.com]]>
            </line>
            <line>
              <![CDATA[, createddate: 2022-08-01]]>
            </line>
            <line>
              <![CDATA[, processeddate: 2022-08-09 18:59:04.852]]>
            </line>
            <line>
              <![CDATA[type: urgent]]>
            </line>
            <line>
              <![CDATA[ message: Want an apartment in Melbourne]]>
            </line>
            <line>
              <![CDATA[, emailaddress: John@gmail.com]]>
            </line>
            <line>
              <![CDATA[, createddate: 2022-08-01]]>
            </line>
            <line>
              <![CDATA[, processeddate: 2022-08-09 18:59:04.852]]>
            </line>
            <line>
              <![CDATA[type: urgent]]>
            </line>
            <line>
              <![CDATA[ message: Want an apartment in Melbourne]]>
            </line>
            <line>
              <![CDATA[, emailaddress: John@gmail.com]]>
            </line>
            <line>
              <![CDATA[, createddate: 2022-08-01]]>
            </line>
            <line>
              <![CDATA[, processeddate: 2022-08-09 18:59:04.852]]>
            </line>
            <line>
              <![CDATA[type: urgent]]>
            </line>
            <line>
              <![CDATA[ message: Want an apartment in Melbourne]]>
            </line>
            <line>
              <![CDATA[, emailaddress: John@gmail.com]]>
            </line>
            <line>
              <![CDATA[, createddate: 2022-08-01]]>
            </line>
            <line>
              <![CDATA[, processeddate: 2022-08-09 18:59:04.852]]>
            </line>
            <line>
              <![CDATA[type: urgent]]>
            </line>
            <line>
              <![CDATA[ message: Want an apartment in Melbourne]]>
            </line>
            <line>
              <![CDATA[, emailaddress: John@gmail.com]]>
            </line>
            <line>
              <![CDATA[, createddate: 2022-08-01]]>
            </line>
            <line>
              <![CDATA[, processeddate: 2022-08-09 18:59:04.852]]>
            </line>
            <line>
              <![CDATA[type: urgent]]>
            </line>
            <line>
              <![CDATA[ message: Want an apartment in Melbourne]]>
            </line>
            <line>
              <![CDATA[, emailaddress: John@gmail.com]]>
            </line>
            <line>
              <![CDATA[, createddate: 2022-08-01]]>
            </line>
            <line>
              <![CDATA[, processeddate: 2022-08-09 18:59:04.852]]>
            </line>
            <line>
              <![CDATA[type: urgent]]>
            </line>
            <line>
              <![CDATA[ message: Want an apartment in Melbourne]]>
            </line>
            <line>
              <![CDATA[, emailaddress: John@gmail.com]]>
            </line>
            <line>
              <![CDATA[, createddate: 2022-08-01]]>
            </line>
            <line>
              <![CDATA[, processeddate: 2022-08-09 18:59:04.852]]>
            </line>
            <line>
              <![CDATA[type: Urgent]]>
            </line>
            <line>
              <![CDATA[ message: Looking for a house in Australia]]>
            </line>
            <line>
              <![CDATA[, emailaddress: Charles@gmail.com]]>
            </line>
            <line>
              <![CDATA[, createddate: 2022-08-09]]>
            </line>
            <line>
              <![CDATA[, processeddate: 2022-08-09 18:59:06.701]]>
            </line>
            <line>
              <![CDATA[type: Urgent]]>
            </line>
            <line>
              <![CDATA[ message: Looking for a house in Australia]]>
            </line>
            <line>
              <![CDATA[, emailaddress: Charles@gmail.com]]>
            </line>
            <line>
              <![CDATA[, createddate: 2022-08-08]]>
            </line>
            <line>
              <![CDATA[, processeddate: 2022-08-09 18:59:06.701]]>
            </line>
            <line>
              <![CDATA[type: Urgent]]>
            </line>
            <line>
              <![CDATA[ message: Looking for a house in Australia]]>
            </line>
            <line>
              <![CDATA[, emailaddress: Charles@gmail.com]]>
            </line>
            <line>
              <![CDATA[, createddate: 2022-08-08]]>
            </line>
            <line>
              <![CDATA[, processeddate: 2022-08-09 18:59:06.701]]>
            </line>
            <line>
              <![CDATA[type: Urgent]]>
            </line>
            <line>
              <![CDATA[ message: Looking for a house in Australia]]>
            </line>
            <line>
              <![CDATA[, emailaddress: Charles@gmail.com]]>
            </line>
            <line>
              <![CDATA[, createddate: 2022-08-08]]>
            </line>
            <line>
              <![CDATA[, processeddate: 2022-08-09 18:59:06.701]]>
            </line>
            <line>
              <![CDATA[type: Urgent]]>
            </line>
            <line>
              <![CDATA[ message: Looking for a house in Australia]]>
            </line>
            <line>
              <![CDATA[, emailaddress: Charles@gmail.com]]>
            </line>
            <line>
              <![CDATA[, createddate: 2022-08-08]]>
            </line>
            <line>
              <![CDATA[, processeddate: 2022-08-09 18:59:06.701]]>
            </line>
            <line>
              <![CDATA[type: Urgent]]>
            </line>
            <line>
              <![CDATA[ message: Looking for a house in Australia]]>
            </line>
            <line>
              <![CDATA[, emailaddress: Charles@gmail.com]]>
            </line>
            <line>
              <![CDATA[, createddate: 2022-08-08]]>
            </line>
            <line>
              <![CDATA[, processeddate: 2022-08-09 18:59:06.701]]>
            </line>
            <line>
              <![CDATA[type: Urgent]]>
            </line>
            <line>
              <![CDATA[ message: Looking for a house in Australia]]>
            </line>
            <line>
              <![CDATA[, emailaddress: Charles@gmail.com]]>
            </line>
            <line>
              <![CDATA[, createddate: 2022-08-08]]>
            </line>
            <line>
              <![CDATA[, processeddate: 2022-08-09 18:59:06.701]]>
            </line>
            <line>
              <![CDATA[type: General]]>
            </line>
            <line>
              <![CDATA[ message: Looking for a rent house in Sydney]]>
            </line>
            <line>
              <![CDATA[, emailaddress: Peter@gmail.com]]>
            </line>
            <line>
              <![CDATA[, createddate: 2022-08-07]]>
            </line>
            <line>
              <![CDATA[, processeddate: 2022-08-09 18:59:09.555]]>
            </line>
            <line>
              <![CDATA[type: General]]>
            </line>
            <line>
              <![CDATA[ message: Looking for a rent house in Sydney]]>
            </line>
            <line>
              <![CDATA[, emailaddress: Peter@gmail.com]]>
            </line>
            <line>
              <![CDATA[, createddate: 2022-08-07]]>
            </line>
            <line>
              <![CDATA[, processeddate: 2022-08-09 18:59:09.555]]>
            </line>
            <line>
              <![CDATA[type: General]]>
            </line>
            <line>
              <![CDATA[ message: Looking for a rent house in Sydney]]>
            </line>
            <line>
              <![CDATA[, emailaddress: Peter@gmail.com]]>
            </line>
            <line>
              <![CDATA[, createddate: 2022-08-07]]>
            </line>
            <line>
              <![CDATA[, processeddate: 2022-08-09 18:59:09.555]]>
            </line>
            <line>
              <![CDATA[type: General]]>
            </line>
            <line>
              <![CDATA[ message: Looking for a rent house in Sydney]]>
            </line>
            <line>
              <![CDATA[, emailaddress: Peter@gmail.com]]>
            </line>
            <line>
              <![CDATA[, createddate: 2022-08-07]]>
            </line>
            <line>
              <![CDATA[, processeddate: 2022-08-09 18:59:09.555]]>
            </line>
            <line>
              <![CDATA[type: General]]>
            </line>
            <line>
              <![CDATA[ message: Looking for a rent house in Sydney]]>
            </line>
            <line>
              <![CDATA[, emailaddress: Peter@gmail.com]]>
            </line>
            <line>
              <![CDATA[, createddate: 2022-08-07]]>
            </line>
            <line>
              <![CDATA[, processeddate: 2022-08-09 18:59:09.555]]>
            </line>
            <line>
              <![CDATA[type: General]]>
            </line>
            <line>
              <![CDATA[ message: Looking for a rent house in Sydney]]>
            </line>
            <line>
              <![CDATA[, emailaddress: Peter@gmail.com]]>
            </line>
            <line>
              <![CDATA[, createddate: 2022-08-07]]>
            </line>
            <line>
              <![CDATA[, processeddate: 2022-08-09 18:59:09.555]]>
            </line>
            <line>
              <![CDATA[type: General]]>
            </line>
            <line>
              <![CDATA[ message: Looking for a rent house in Sydney]]>
            </line>
            <line>
              <![CDATA[, emailaddress: Peter@gmail.com]]>
            </line>
            <line>
              <![CDATA[, createddate: 2022-08-07]]>
            </line>
            <line>
              <![CDATA[, processeddate: 2022-08-09 18:59:09.555]]>
            </line>
            <line>
              <![CDATA[type: High]]>
            </line>
            <line>
              <![CDATA[ message: Want to sell house]]>
            </line>
            <line>
              <![CDATA[, emailaddress: Sam@gmail.com]]>
            </line>
            <line>
              <![CDATA[, createddate: 2022-08-07]]>
            </line>
            <line>
              <![CDATA[, processeddate: 2022-08-09 18:59:12.217]]>
            </line>
            <line>
              <![CDATA[type: High]]>
            </line>
            <line>
              <![CDATA[ message: Want to sell house]]>
            </line>
            <line>
              <![CDATA[, emailaddress: Sam@gmail.com]]>
            </line>
            <line>
              <![CDATA[, createddate: 2022-08-07]]>
            </line>
            <line>
              <![CDATA[, processeddate: 2022-08-09 18:59:12.217]]>
            </line>
            <line>
              <![CDATA[type: High]]>
            </line>
            <line>
              <![CDATA[ message: Want to sell house]]>
            </line>
            <line>
              <![CDATA[, emailaddress: Sam@gmail.com]]>
            </line>
            <line>
              <![CDATA[, createddate: 2022-08-07]]>
            </line>
            <line>
              <![CDATA[, processeddate: 2022-08-09 18:59:12.217]]>
            </line>
            <line>
              <![CDATA[type: High]]>
            </line>
            <line>
              <![CDATA[ message: Want to sell house]]>
            </line>
            <line>
              <![CDATA[, emailaddress: Sam@gmail.com]]>
            </line>
            <line>
              <![CDATA[, createddate: 2022-08-07]]>
            </line>
            <line>
              <![CDATA[, processeddate: 2022-08-09 18:59:12.217]]>
            </line>
            <line>
              <![CDATA[type: High]]>
            </line>
            <line>
              <![CDATA[ message: Want to sell house]]>
            </line>
            <line>
              <![CDATA[, emailaddress: Sam@gmail.com]]>
            </line>
            <line>
              <![CDATA[, createddate: 2022-08-07]]>
            </line>
            <line>
              <![CDATA[, processeddate: 2022-08-09 18:59:12.217]]>
            </line>
            <line>
              <![CDATA[type: High]]>
            </line>
            <line>
              <![CDATA[ message: Want to sell house]]>
            </line>
            <line>
              <![CDATA[, emailaddress: Sam@gmail.com]]>
            </line>
            <line>
              <![CDATA[, createddate: 2022-08-07]]>
            </line>
            <line>
              <![CDATA[, processeddate: 2022-08-09 18:59:12.217]]>
            </line>
            <line>
              <![CDATA[type: High]]>
            </line>
            <line>
              <![CDATA[ message: Want to sell house]]>
            </line>
            <line>
              <![CDATA[, emailaddress: Sam@gmail.com]]>
            </line>
            <line>
              <![CDATA[, createddate: 2022-08-07]]>
            </line>
            <line>
              <![CDATA[, processeddate: 2022-08-09 18:59:12.217]]>
            </line>
            <line>
              <![CDATA[type: urgent]]>
            </line>
            <line>
              <![CDATA[ message: Want an apartment in Melbourne]]>
            </line>
            <line>
              <![CDATA[, emailaddress: John@gmail.com]]>
            </line>
            <line>
              <![CDATA[, createddate: 2022-08-01]]>
            </line>
            <line>
              <![CDATA[, processeddate: 0001-01-01 00:00:00.0]]>
            </line>
            <line>
              <![CDATA[Email sent successfully for the user email Address John@gmail.com]]>
            </line>
            <line>
              <![CDATA[User with John@gmail.com processed on 2022-08-09 19:01:55.078: Logged through Email]]>
            </line>
            <line>
              <![CDATA[type: Urgent]]>
            </line>
            <line>
              <![CDATA[ message: Looking for a house in Australia]]>
            </line>
            <line>
              <![CDATA[, emailaddress: Charles@gmail.com]]>
            </line>
            <line>
              <![CDATA[, createddate: 2022-08-08]]>
            </line>
            <line>
              <![CDATA[, processeddate: 0001-01-01 00:00:00.0]]>
            </line>
            <line>
              <![CDATA[JIRA Task created successfully for the user email Address Charles@gmail.com]]>
            </line>
            <line>
              <![CDATA[User with Charles@gmail.com processed on 2022-08-09 19:01:55.559: Logged through Email]]>
            </line>
            <line>
              <![CDATA[type: General]]>
            </line>
            <line>
              <![CDATA[ message: Looking for a rent house in Sydney]]>
            </line>
            <line>
              <![CDATA[, emailaddress: Peter@gmail.com]]>
            </line>
            <line>
              <![CDATA[, createddate: 2022-08-07]]>
            </line>
            <line>
              <![CDATA[, processeddate: 0001-01-01 00:00:00.0]]>
            </line>
            <line>
              <![CDATA[Email sent successfully for the user email Address Peter@gmail.com]]>
            </line>
            <line>
              <![CDATA[User with Peter@gmail.com processed on 2022-08-09 19:01:58.308: Logged through Email]]>
            </line>
            <line>
              <![CDATA[type: High]]>
            </line>
            <line>
              <![CDATA[ message: Want to sell house]]>
            </line>
            <line>
              <![CDATA[, emailaddress: Sam@gmail.com]]>
            </line>
            <line>
              <![CDATA[, createddate: 2022-08-07]]>
            </line>
            <line>
              <![CDATA[, processeddate: 0001-01-01 00:00:00.0]]>
            </line>
            <line>
              <![CDATA[Email sent successfully for the user email Address Sam@gmail.com]]>
            </line>
            <line>
              <![CDATA[User with Sam@gmail.com processed on 2022-08-09 19:02:01.694: Logged through Email]]>
            </line>
            <line>
              <![CDATA[type: High]]>
            </line>
            <line>
              <![CDATA[ message: Want to sell house]]>
            </line>
            <line>
              <![CDATA[, emailaddress: Sam@gmail.com]]>
            </line>
            <line>
              <![CDATA[, createddate: 2022-08-07]]>
            </line>
            <line>
              <![CDATA[, processeddate: 0001-01-01 00:00:00.0]]>
            </line>
            <line>
              <![CDATA[Email sent successfully for the user email Address Sam@gmail.com]]>
            </line>
            <line>
              <![CDATA[User with Sam@gmail.com processed on 2022-08-09 19:02:04.341: Logged through Email]]>
            </line>
          </reporter-output>
        </test-method> <!-- execute -->
      </class> <!-- Runner -->
    </test> <!-- /Users/gauravpurwar/Documents/ListnrProject -->
  </suite> <!-- All Test Suite -->
</testng-results>
